<?xml version="1.0" encoding="UTF-8"?>
<testng-results ignored="0" total="1" passed="1" failed="0" skipped="0">
  <reporter-output>
  </reporter-output>
  <suite started-at="2023-11-10T10:25:16 IST" name="Suite" finished-at="2023-11-10T10:26:15 IST" duration-ms="58432">
    <groups>
      <group name="cucumber">
        <method signature="AbstractTestNGCucumberTests.runScenario(io.cucumber.testng.PickleWrapper,io.cucumber.testng.FeatureWrapper)[pri:0, instance:AppFeaturesSteps.AmzonRunnerTest@13e344d]" name="runScenario" class="io.cucumber.testng.AbstractTestNGCucumberTests"/>
      </group> <!-- cucumber -->
    </groups>
    <test started-at="2023-11-10T10:25:16 IST" name="Test" finished-at="2023-11-10T10:26:15 IST" duration-ms="58432">
      <class name="AppFeaturesSteps.AmzonRunnerTest">
        <test-method is-config="true" signature="setUpClass(org.testng.ITestContext)[pri:0, instance:AppFeaturesSteps.AmzonRunnerTest@13e344d]" started-at="2023-11-10T10:25:16 IST" name="setUpClass" finished-at="2023-11-10T10:25:19 IST" duration-ms="2116" status="PASS">
          <params>
            <param index="0">
              <value>
                <![CDATA[org.testng.TestRunner@4694f434]]>
              </value>
            </param>
          </params>
          <reporter-output>
          </reporter-output>
        </test-method> <!-- setUpClass -->
        <test-method signature="runScenario(io.cucumber.testng.PickleWrapper,io.cucumber.testng.FeatureWrapper)[pri:0, instance:AppFeaturesSteps.AmzonRunnerTest@13e344d]" started-at="2023-11-10T10:25:19 IST" name="runScenario" description="Runs Cucumber Scenarios" data-provider="scenarios" finished-at="2023-11-10T10:26:11 IST" duration-ms="52892" status="PASS">
          <params>
            <param index="0">
              <value>
                <![CDATA["login to app"]]>
              </value>
            </param>
            <param index="1">
              <value>
                <![CDATA["Home page functionality"]]>
              </value>
            </param>
          </params>
          <reporter-output>
          </reporter-output>
        </test-method> <!-- runScenario -->
        <test-method is-config="true" signature="tearDownClass()[pri:0, instance:AppFeaturesSteps.AmzonRunnerTest@13e344d]" started-at="2023-11-10T10:26:12 IST" name="tearDownClass" finished-at="2023-11-10T10:26:15 IST" duration-ms="3073" status="PASS">
          <reporter-output>
          </reporter-output>
        </test-method> <!-- tearDownClass -->
      </class> <!-- AppFeaturesSteps.AmzonRunnerTest -->
    </test> <!-- Test -->
  </suite> <!-- Suite -->
</testng-results>
